Using pre-set license
Built from '2021.3/staging' branch; Version is '2021.3.19f1 (c9714fde33b6) revision 13201743'; Using compiler version '192829333'; Build Type 'Release'
OS: 'Windows 11  (10.0.22621) 64bit Core' Language: 'fr' Physical Memory: 15613 MB
BatchMode: 1, IsHumanControllingUs: 0, StartBugReporterOnCrash: 0, Is64bit: 1, IsPro: 1

COMMAND LINE ARGUMENTS:
C:\Logiciels e-artsup\2021.3.19f1\Editor\Unity.exe
-adb2
-batchMode
-noUpm
-name
AssetImportWorker3
-projectPath
C:/Users/demat/Desktop/BibliothèqueBlocking
-logFile
Logs/AssetImportWorker3.log
-srvPort
51438
Successfully changed project path to: C:/Users/demat/Desktop/BibliothèqueBlocking
C:/Users/demat/Desktop/BibliothèqueBlocking
[UnityMemory] Configuration Parameters - Can be set up in boot.config
    "memorysetup-bucket-allocator-granularity=16"
    "memorysetup-bucket-allocator-bucket-count=8"
    "memorysetup-bucket-allocator-block-size=33554432"
    "memorysetup-bucket-allocator-block-count=8"
    "memorysetup-main-allocator-block-size=16777216"
    "memorysetup-thread-allocator-block-size=16777216"
    "memorysetup-gfx-main-allocator-block-size=16777216"
    "memorysetup-gfx-thread-allocator-block-size=16777216"
    "memorysetup-cache-allocator-block-size=4194304"
    "memorysetup-typetree-allocator-block-size=2097152"
    "memorysetup-profiler-bucket-allocator-granularity=16"
    "memorysetup-profiler-bucket-allocator-bucket-count=8"
    "memorysetup-profiler-bucket-allocator-block-size=33554432"
    "memorysetup-profiler-bucket-allocator-block-count=8"
    "memorysetup-profiler-allocator-block-size=16777216"
    "memorysetup-profiler-editor-allocator-block-size=1048576"
    "memorysetup-temp-allocator-size-main=16777216"
    "memorysetup-job-temp-allocator-block-size=2097152"
    "memorysetup-job-temp-allocator-block-size-background=1048576"
    "memorysetup-job-temp-allocator-reduction-small-platforms=262144"
    "memorysetup-temp-allocator-size-background-worker=32768"
    "memorysetup-temp-allocator-size-job-worker=262144"
    "memorysetup-temp-allocator-size-preload-manager=33554432"
    "memorysetup-temp-allocator-size-nav-mesh-worker=65536"
    "memorysetup-temp-allocator-size-audio-worker=65536"
    "memorysetup-temp-allocator-size-cloud-worker=32768"
    "memorysetup-temp-allocator-size-gi-baking-worker=262144"
    "memorysetup-temp-allocator-size-gfx=262144"
Player connection [23932] Host "[IP] 10.109.223.100 [Port] 0 [Flags] 2 [Guid] 319162685 [EditorId] 319162685 [Version] 1048832 [Id] WindowsEditor(7,PC-Portable-Mylan) [Debug] 1 [PackageName] WindowsEditor [ProjectName] Editor" joined multi-casting on [225.0.0.222:54997]...

Player connection [23932] Host "[IP] 10.109.223.100 [Port] 0 [Flags] 2 [Guid] 319162685 [EditorId] 319162685 [Version] 1048832 [Id] WindowsEditor(7,PC-Portable-Mylan) [Debug] 1 [PackageName] WindowsEditor [ProjectName] Editor" joined alternative multi-casting on [225.0.0.222:34997]...

Refreshing native plugins compatible for Editor in 101.27 ms, found 3 plugins.
Preloading 0 native plugins for Editor in 0.00 ms.
Initialize engine version: 2021.3.19f1 (c9714fde33b6)
[Subsystems] Discovering subsystems at path C:/Logiciels e-artsup/2021.3.19f1/Editor/Data/Resources/UnitySubsystems
[Subsystems] Discovering subsystems at path C:/Users/demat/Desktop/BibliothèqueBlocking/Assets
GfxDevice: creating device client; threaded=0; jobified=0
Direct3D:
    Version:  Direct3D 11.0 [level 11.1]
    Renderer: NVIDIA GeForce RTX 3070 Laptop GPU (ID=0x249d)
    Vendor:   NVIDIA
    VRAM:     8033 MB
    Driver:   31.0.15.2849
Initialize mono
Mono path[0] = 'C:/Logiciels e-artsup/2021.3.19f1/Editor/Data/Managed'
Mono path[1] = 'C:/Logiciels e-artsup/2021.3.19f1/Editor/Data/MonoBleedingEdge/lib/mono/unityjit-win32'
Mono config path = 'C:/Logiciels e-artsup/2021.3.19f1/Editor/Data/MonoBleedingEdge/etc'
Using monoOptions --debugger-agent=transport=dt_socket,embedding=1,server=y,suspend=n,address=127.0.0.1:56364
Begin MonoManager ReloadAssembly
Registering precompiled unity dll's ...
Register platform support module: C:/Logiciels e-artsup/2021.3.19f1/Editor/Data/PlaybackEngines/WindowsStandaloneSupport/UnityEditor.WindowsStandalone.Extensions.dll
Registered in 0.002181 seconds.
Native extension for WindowsStandalone target not found
Refreshing native plugins compatible for Editor in 69.71 ms, found 3 plugins.
Preloading 0 native plugins for Editor in 0.00 ms.
Mono: successfully reloaded assembly
- Completed reload, in  0.566 seconds
Domain Reload Profiling:
	ReloadAssembly (567ms)
		BeginReloadAssembly (71ms)
			ExecutionOrderSort (0ms)
			DisableScriptedObjects (0ms)
			BackupInstance (0ms)
			ReleaseScriptingObjects (0ms)
			CreateAndSetChildDomain (1ms)
		EndReloadAssembly (406ms)
			LoadAssemblies (68ms)
			RebuildTransferFunctionScriptingTraits (0ms)
			SetupTypeCache (91ms)
			ReleaseScriptCaches (0ms)
			RebuildScriptCaches (26ms)
			SetupLoadedEditorAssemblies (243ms)
				LogAssemblyErrors (0ms)
				InitializePlatformSupportModulesInManaged (6ms)
				SetLoadedEditorAssemblies (0ms)
				RefreshPlugins (70ms)
				BeforeProcessingInitializeOnLoad (1ms)
				ProcessInitializeOnLoadAttributes (125ms)
				ProcessInitializeOnLoadMethodAttributes (40ms)
				AfterProcessingInitializeOnLoad (0ms)
				EditorAssembliesLoaded (0ms)
			ExecutionOrderSort2 (0ms)
			AwakeInstancesAfterBackupRestoration (0ms)
Platform modules already initialized, skipping
Registering precompiled user dll's ...
Registered in 0.004763 seconds.
Begin MonoManager ReloadAssembly
Symbol file LoadedFromMemory doesn't match image C:\Users\demat\Desktop\BibliothèqueBlocking\Library\PackageCache\com.unity.visualscripting@1.8.0\Editor\VisualScripting.Core\Dependencies\YamlDotNet\Unity.VisualScripting.YamlDotNet.dll
Symbol file LoadedFromMemory doesn't match image C:\Users\demat\Desktop\BibliothèqueBlocking\Library\PackageCache\com.unity.visualscripting@1.8.0\Editor\VisualScripting.Core\Dependencies\DotNetZip\Unity.VisualScripting.IonicZip.dll
Native extension for WindowsStandalone target not found
Refreshing native plugins compatible for Editor in 0.74 ms, found 3 plugins.
Preloading 0 native plugins for Editor in 0.00 ms.
Mono: successfully reloaded assembly
- Completed reload, in  0.838 seconds
Domain Reload Profiling:
	ReloadAssembly (839ms)
		BeginReloadAssembly (91ms)
			ExecutionOrderSort (0ms)
			DisableScriptedObjects (4ms)
			BackupInstance (0ms)
			ReleaseScriptingObjects (0ms)
			CreateAndSetChildDomain (19ms)
		EndReloadAssembly (660ms)
			LoadAssemblies (65ms)
			RebuildTransferFunctionScriptingTraits (0ms)
			SetupTypeCache (226ms)
			ReleaseScriptCaches (1ms)
			RebuildScriptCaches (44ms)
			SetupLoadedEditorAssemblies (294ms)
				LogAssemblyErrors (0ms)
				InitializePlatformSupportModulesInManaged (4ms)
				SetLoadedEditorAssemblies (0ms)
				RefreshPlugins (1ms)
				BeforeProcessingInitializeOnLoad (68ms)
				ProcessInitializeOnLoadAttributes (202ms)
				ProcessInitializeOnLoadMethodAttributes (16ms)
				AfterProcessingInitializeOnLoad (4ms)
				EditorAssembliesLoaded (0ms)
			ExecutionOrderSort2 (0ms)
			AwakeInstancesAfterBackupRestoration (5ms)
Platform modules already initialized, skipping
========================================================================
Worker process is ready to serve import requests
Launched and connected shader compiler UnityShaderCompiler.exe after 0.05 seconds
Refreshing native plugins compatible for Editor in 1.81 ms, found 3 plugins.
Preloading 0 native plugins for Editor in 0.00 ms.
Unloading 3452 Unused Serialized files (Serialized files now loaded: 0)
Unloading 25 unused Assets / (55.1 MB). Loaded Objects now: 3915.
Memory consumption went from 127.3 MB to 72.2 MB.
Total: 9.258400 ms (FindLiveObjects: 0.686100 ms CreateObjectMapping: 0.271800 ms MarkObjects: 8.049000 ms  DeleteObjects: 0.250400 ms)

AssetImportParameters requested are different than current active one (requested -> active):
  custom:video-decoder-ogg-theora: a1e56fd34408186e4bbccfd4996cb3dc -> 
  custom:container-muxer-webm: aa71ff27fc2769a1b78a27578f13a17b -> 
  custom:container-demuxer-webm: 4f35f7cbe854078d1ac9338744f61a02 -> 
  custom:video-encoder-webm-vp8: eb34c28f22e8b96e1ab97ce403110664 -> 
  custom:video-codec-MediaFoundation-h265: 746d11721c4dcdbdad8f713fa42b33f4 -> 
  custom:audio-encoder-webm-vorbis: bf7c407c2cedff20999df2af8eb42d56 -> 
  custom:framework-win-MediaFoundation: 216162199b28c13a410421893ffa2e32 -> 
  custom:container-demuxer-ogg: 62fdf1f143b41e24485cea50d1cbac27 -> 
  custom:video-decoder-webm-vp8: 9c59270c3fd7afecdb556c50c9e8de78 -> 
  custom:audio-decoder-ogg-vorbis: bf7c407c2cedff20999df2af8eb42d56 -> 
========================================================================
Received Prepare
Registering precompiled user dll's ...
Registered in 0.005551 seconds.
Begin MonoManager ReloadAssembly
Symbol file LoadedFromMemory doesn't match image C:\Users\demat\Desktop\BibliothèqueBlocking\Library\PackageCache\com.unity.visualscripting@1.8.0\Editor\VisualScripting.Core\Dependencies\YamlDotNet\Unity.VisualScripting.YamlDotNet.dll
Symbol file LoadedFromMemory doesn't match image C:\Users\demat\Desktop\BibliothèqueBlocking\Library\PackageCache\com.unity.visualscripting@1.8.0\Editor\VisualScripting.Core\Dependencies\DotNetZip\Unity.VisualScripting.IonicZip.dll
Native extension for WindowsStandalone target not found
Refreshing native plugins compatible for Editor in 1.67 ms, found 3 plugins.
Preloading 0 native plugins for Editor in 0.00 ms.
Mono: successfully reloaded assembly
- Completed reload, in  1.422 seconds
Domain Reload Profiling:
	ReloadAssembly (1423ms)
		BeginReloadAssembly (184ms)
			ExecutionOrderSort (0ms)
			DisableScriptedObjects (7ms)
			BackupInstance (0ms)
			ReleaseScriptingObjects (0ms)
			CreateAndSetChildDomain (60ms)
		EndReloadAssembly (1106ms)
			LoadAssemblies (103ms)
			RebuildTransferFunctionScriptingTraits (0ms)
			SetupTypeCache (353ms)
			ReleaseScriptCaches (2ms)
			RebuildScriptCaches (69ms)
			SetupLoadedEditorAssemblies (509ms)
				LogAssemblyErrors (0ms)
				InitializePlatformSupportModulesInManaged (17ms)
				SetLoadedEditorAssemblies (1ms)
				RefreshPlugins (2ms)
				BeforeProcessingInitializeOnLoad (112ms)
				ProcessInitializeOnLoadAttributes (339ms)
				ProcessInitializeOnLoadMethodAttributes (31ms)
				AfterProcessingInitializeOnLoad (8ms)
				EditorAssembliesLoaded (0ms)
			ExecutionOrderSort2 (0ms)
			AwakeInstancesAfterBackupRestoration (8ms)
Platform modules already initialized, skipping
Refreshing native plugins compatible for Editor in 2.49 ms, found 3 plugins.
Preloading 0 native plugins for Editor in 0.00 ms.
Unloading 3427 Unused Serialized files (Serialized files now loaded: 0)
Unloading 18 unused Assets / (133.5 KB). Loaded Objects now: 3918.
Memory consumption went from 125.2 MB to 125.1 MB.
Total: 3.755800 ms (FindLiveObjects: 0.332300 ms CreateObjectMapping: 0.177000 ms MarkObjects: 3.087000 ms  DeleteObjects: 0.157600 ms)

AssetImportParameters requested are different than current active one (requested -> active):
  custom:video-decoder-ogg-theora: a1e56fd34408186e4bbccfd4996cb3dc -> 
  custom:container-muxer-webm: aa71ff27fc2769a1b78a27578f13a17b -> 
  custom:container-demuxer-webm: 4f35f7cbe854078d1ac9338744f61a02 -> 
  custom:video-encoder-webm-vp8: eb34c28f22e8b96e1ab97ce403110664 -> 
  custom:video-codec-MediaFoundation-h265: 746d11721c4dcdbdad8f713fa42b33f4 -> 
  custom:audio-encoder-webm-vorbis: bf7c407c2cedff20999df2af8eb42d56 -> 
  custom:framework-win-MediaFoundation: 216162199b28c13a410421893ffa2e32 -> 
  custom:container-demuxer-ogg: 62fdf1f143b41e24485cea50d1cbac27 -> 
  custom:video-decoder-webm-vp8: 9c59270c3fd7afecdb556c50c9e8de78 -> 
  custom:audio-decoder-ogg-vorbis: bf7c407c2cedff20999df2af8eb42d56 -> 
========================================================================
Received Import Request.
  Time since last request: 62821.829453 seconds.
  path: Assets/polyperfect/Low Poly Animated Animals/- Prefabs/Nature/carrot.prefab
  artifactKey: Guid(9d4d39397bb3e4df98ac838ef29e39a1) Importer(815301076,1909f56bfc062723c751e8b465ee728b)
Start importing Assets/polyperfect/Low Poly Animated Animals/- Prefabs/Nature/carrot.prefab using Guid(9d4d39397bb3e4df98ac838ef29e39a1) Importer(815301076,1909f56bfc062723c751e8b465ee728b)  -> (artifact id: '4c271857c4a4e56ac279a50be5af0bf6') in 0.220357 seconds 
========================================================================
Received Import Request.
  Time since last request: 0.000036 seconds.
  path: Assets/polyperfect/Low Poly Animated Animals/- Prefabs/Nature/leaf-plane.prefab
  artifactKey: Guid(7514b26b8c678431d8f9a9491a5abdcc) Importer(815301076,1909f56bfc062723c751e8b465ee728b)
Start importing Assets/polyperfect/Low Poly Animated Animals/- Prefabs/Nature/leaf-plane.prefab using Guid(7514b26b8c678431d8f9a9491a5abdcc) Importer(815301076,1909f56bfc062723c751e8b465ee728b)  -> (artifact id: '4551973c3836784b6d20181bfd529f4d') in 0.035127 seconds 
========================================================================
Received Import Request.
  Time since last request: 0.000039 seconds.
  path: Assets/polyperfect/Low Poly Animated Animals/- Prefabs/Nature/ground-cracked.prefab
  artifactKey: Guid(5c5dc77a75a234354a770cd9149a9166) Importer(815301076,1909f56bfc062723c751e8b465ee728b)
Start importing Assets/polyperfect/Low Poly Animated Animals/- Prefabs/Nature/ground-cracked.prefab using Guid(5c5dc77a75a234354a770cd9149a9166) Importer(815301076,1909f56bfc062723c751e8b465ee728b)  -> (artifact id: '4b5ac297592b25a4151522bdbf000e46') in 0.018529 seconds 
========================================================================
Received Import Request.
  Time since last request: 0.000034 seconds.
  path: Assets/polyperfect/Low Poly Animated Animals/- Prefabs/Nature/stone-flat.prefab
  artifactKey: Guid(0f6c3c2b59a164fdaa30536d7278dc0a) Importer(815301076,1909f56bfc062723c751e8b465ee728b)
Start importing Assets/polyperfect/Low Poly Animated Animals/- Prefabs/Nature/stone-flat.prefab using Guid(0f6c3c2b59a164fdaa30536d7278dc0a) Importer(815301076,1909f56bfc062723c751e8b465ee728b)  -> (artifact id: 'f59a319174a1222c60a3def501ceb076') in 0.016639 seconds 
========================================================================
Received Import Request.
  Time since last request: 0.000033 seconds.
  path: Assets/polyperfect/Low Poly Animated Animals/- Prefabs/Nature/cloud-long.prefab
  artifactKey: Guid(733d22330513541ecaf4fc75aa46e9a6) Importer(815301076,1909f56bfc062723c751e8b465ee728b)
Start importing Assets/polyperfect/Low Poly Animated Animals/- Prefabs/Nature/cloud-long.prefab using Guid(733d22330513541ecaf4fc75aa46e9a6) Importer(815301076,1909f56bfc062723c751e8b465ee728b)  -> (artifact id: '5a2aed25d58d1078ca52d5cbdd5ab3df') in 0.015853 seconds 
========================================================================
Received Import Request.
  Time since last request: 0.000025 seconds.
  path: Assets/polyperfect/Low Poly Animated Animals/- Prefabs/Nature/leaf-maple-simple.prefab
  artifactKey: Guid(85adf5b7ef98e4c928db93ceffd73a00) Importer(815301076,1909f56bfc062723c751e8b465ee728b)
Start importing Assets/polyperfect/Low Poly Animated Animals/- Prefabs/Nature/leaf-maple-simple.prefab using Guid(85adf5b7ef98e4c928db93ceffd73a00) Importer(815301076,1909f56bfc062723c751e8b465ee728b)  -> (artifact id: 'ff4d7c5766b12a8023ef22b7e08cf44a') in 0.017778 seconds 
========================================================================
Received Import Request.
  Time since last request: 0.000025 seconds.
  path: Assets/polyperfect/Low Poly Animated Animals/- Prefabs/Nature/coral-small_orange.prefab
  artifactKey: Guid(6d1248d6de7824b1892a9b1a1dd493f1) Importer(815301076,1909f56bfc062723c751e8b465ee728b)
Start importing Assets/polyperfect/Low Poly Animated Animals/- Prefabs/Nature/coral-small_orange.prefab using Guid(6d1248d6de7824b1892a9b1a1dd493f1) Importer(815301076,1909f56bfc062723c751e8b465ee728b)  -> (artifact id: '454b1d505999acd062a03877b7e1b732') in 0.018963 seconds 
========================================================================
Received Import Request.
  Time since last request: 10.903011 seconds.
  path: Assets/polyperfect/Low Poly Animated Animals/- Sounds/bear-growl.ogg
  artifactKey: Guid(a63e9f3704ea34881a61eaaed67c4ccc) Importer(815301076,1909f56bfc062723c751e8b465ee728b)
Start importing Assets/polyperfect/Low Poly Animated Animals/- Sounds/bear-growl.ogg using Guid(a63e9f3704ea34881a61eaaed67c4ccc) Importer(815301076,1909f56bfc062723c751e8b465ee728b)  -> (artifact id: '5bf3834643a16edf489a8e19f1755a77') in 0.064710 seconds 
========================================================================
Received Import Request.
  Time since last request: 0.000027 seconds.
  path: Assets/polyperfect/Low Poly Animated Animals/- Sounds/deer1.ogg
  artifactKey: Guid(9f5591bf0410147a3ab3dd80de160b1b) Importer(815301076,1909f56bfc062723c751e8b465ee728b)
Start importing Assets/polyperfect/Low Poly Animated Animals/- Sounds/deer1.ogg using Guid(9f5591bf0410147a3ab3dd80de160b1b) Importer(815301076,1909f56bfc062723c751e8b465ee728b)  -> (artifact id: '669a4b171005d3942766ccb1f114e1b8') in 0.015489 seconds 
========================================================================
Received Import Request.
  Time since last request: 0.000032 seconds.
  path: Assets/polyperfect/Low Poly Animated Animals/- Sounds/eating-grass.ogg
  artifactKey: Guid(39081a8f8fcfc43319c8f687e415712a) Importer(815301076,1909f56bfc062723c751e8b465ee728b)
Start importing Assets/polyperfect/Low Poly Animated Animals/- Sounds/eating-grass.ogg using Guid(39081a8f8fcfc43319c8f687e415712a) Importer(815301076,1909f56bfc062723c751e8b465ee728b)  -> (artifact id: '2111a3cb6b188204e576c3820e9c3838') in 0.013054 seconds 
========================================================================
Received Import Request.
  Time since last request: 0.000028 seconds.
  path: Assets/polyperfect/Low Poly Animated Animals/- Sounds/ice-squeels.ogg
  artifactKey: Guid(231f5e48c4f0c49ec9d12e4698c08e8a) Importer(815301076,1909f56bfc062723c751e8b465ee728b)
Start importing Assets/polyperfect/Low Poly Animated Animals/- Sounds/ice-squeels.ogg using Guid(231f5e48c4f0c49ec9d12e4698c08e8a) Importer(815301076,1909f56bfc062723c751e8b465ee728b)  -> (artifact id: 'bf75cd5fe65e300a5d8b1bd74f7aa36a') in 0.013485 seconds 
========================================================================
Received Import Request.
  Time since last request: 0.000026 seconds.
  path: Assets/polyperfect/Low Poly Animated Animals/- Sounds/horse-whinny.ogg
  artifactKey: Guid(cc6dadbb62bf240f9b731c085a12f51c) Importer(815301076,1909f56bfc062723c751e8b465ee728b)
Start importing Assets/polyperfect/Low Poly Animated Animals/- Sounds/horse-whinny.ogg using Guid(cc6dadbb62bf240f9b731c085a12f51c) Importer(815301076,1909f56bfc062723c751e8b465ee728b)  -> (artifact id: '9184e5dbcb0901bef26f9b1dc3a6697a') in 0.016932 seconds 
========================================================================
Received Import Request.
  Time since last request: 0.000040 seconds.
  path: Assets/polyperfect/Low Poly Animated Animals/- Sounds/elephant-fall.ogg
  artifactKey: Guid(a231c712d73334749af731ed7a2ea067) Importer(815301076,1909f56bfc062723c751e8b465ee728b)
Start importing Assets/polyperfect/Low Poly Animated Animals/- Sounds/elephant-fall.ogg using Guid(a231c712d73334749af731ed7a2ea067) Importer(815301076,1909f56bfc062723c751e8b465ee728b)  -> (artifact id: '0dfe4e58ab7797fc2b5339f4a6db81ce') in 0.015526 seconds 
========================================================================
Received Import Request.
  Time since last request: 0.000028 seconds.
  path: Assets/polyperfect/Low Poly Animated Animals/- Sounds/water-bubbles.ogg
  artifactKey: Guid(3a10a0836b8864a65bd0207bf3f79f33) Importer(815301076,1909f56bfc062723c751e8b465ee728b)
Start importing Assets/polyperfect/Low Poly Animated Animals/- Sounds/water-bubbles.ogg using Guid(3a10a0836b8864a65bd0207bf3f79f33) Importer(815301076,1909f56bfc062723c751e8b465ee728b)  -> (artifact id: 'cf147f9b54948a92e48a2a7f7b8d4ece') in 0.015559 seconds 
========================================================================
Received Import Request.
  Time since last request: 0.000024 seconds.
  path: Assets/polyperfect/Low Poly Animated Animals/- Sounds/spider-call.ogg
  artifactKey: Guid(7e4289455ecb1465596eaeefe049e379) Importer(815301076,1909f56bfc062723c751e8b465ee728b)
Start importing Assets/polyperfect/Low Poly Animated Animals/- Sounds/spider-call.ogg using Guid(7e4289455ecb1465596eaeefe049e379) Importer(815301076,1909f56bfc062723c751e8b465ee728b)  -> (artifact id: '01b10011be8d186fa9067bff5e88c4e4') in 0.015954 seconds 
========================================================================
Received Import Request.
  Time since last request: 0.000029 seconds.
  path: Assets/polyperfect/Low Poly Animated Animals/- Sounds/dog-barking.ogg
  artifactKey: Guid(1e5b44e7729e64f8594f629e9e51c5c1) Importer(815301076,1909f56bfc062723c751e8b465ee728b)
Start importing Assets/polyperfect/Low Poly Animated Animals/- Sounds/dog-barking.ogg using Guid(1e5b44e7729e64f8594f629e9e51c5c1) Importer(815301076,1909f56bfc062723c751e8b465ee728b)  -> (artifact id: 'd2cc7d4aad2d6d8f5b925964911f4417') in 0.017400 seconds 
========================================================================
Received Import Request.
  Time since last request: 0.000026 seconds.
  path: Assets/polyperfect/Low Poly Animated Animals/- Sounds/seagull.ogg
  artifactKey: Guid(fc18f453fab34462c85d26962d0702ac) Importer(815301076,1909f56bfc062723c751e8b465ee728b)
Start importing Assets/polyperfect/Low Poly Animated Animals/- Sounds/seagull.ogg using Guid(fc18f453fab34462c85d26962d0702ac) Importer(815301076,1909f56bfc062723c751e8b465ee728b)  -> (artifact id: 'c722a1404a3035c319d30ab5277030a3') in 0.015353 seconds 
========================================================================
Received Import Request.
  Time since last request: 0.000025 seconds.
  path: Assets/polyperfect/Low Poly Animated Animals/- Sounds/forest-autumn.ogg
  artifactKey: Guid(a10617abd83734aebacc30d51358455b) Importer(815301076,1909f56bfc062723c751e8b465ee728b)
Start importing Assets/polyperfect/Low Poly Animated Animals/- Sounds/forest-autumn.ogg using Guid(a10617abd83734aebacc30d51358455b) Importer(815301076,1909f56bfc062723c751e8b465ee728b)  -> (artifact id: '50ed3cd07a8fdbd4885cd32c3b8372b6') in 0.015433 seconds 
========================================================================
Received Import Request.
  Time since last request: 0.000023 seconds.
  path: Assets/polyperfect/Low Poly Animated Animals/- Sounds/penguin.ogg
  artifactKey: Guid(e213f073542414fcbbb5795da66a953a) Importer(815301076,1909f56bfc062723c751e8b465ee728b)
Start importing Assets/polyperfect/Low Poly Animated Animals/- Sounds/penguin.ogg using Guid(e213f073542414fcbbb5795da66a953a) Importer(815301076,1909f56bfc062723c751e8b465ee728b)  -> (artifact id: '5893e42ed0e876fbf8aee03544e4b35b') in 0.015311 seconds 
========================================================================
Received Import Request.
  Time since last request: 5.791934 seconds.
  path: Assets/polyperfect/Low Poly Animated Animals/- Prefabs/Animals/Boar.prefab
  artifactKey: Guid(1ef54cdace3ccbe438a80867c3b80014) Importer(815301076,1909f56bfc062723c751e8b465ee728b)
Start importing Assets/polyperfect/Low Poly Animated Animals/- Prefabs/Animals/Boar.prefab using Guid(1ef54cdace3ccbe438a80867c3b80014) Importer(815301076,1909f56bfc062723c751e8b465ee728b)  -> (artifact id: 'ae747ad29b7b4610f9dae67940f857e6') in 0.141311 seconds 
========================================================================
Received Import Request.
  Time since last request: 0.000028 seconds.
  path: Assets/polyperfect/Low Poly Animated Animals/- Prefabs/Animals/Rabbit Brown.prefab
  artifactKey: Guid(829a5f61d90ac4c42b217bbfc1b3cea2) Importer(815301076,1909f56bfc062723c751e8b465ee728b)
Start importing Assets/polyperfect/Low Poly Animated Animals/- Prefabs/Animals/Rabbit Brown.prefab using Guid(829a5f61d90ac4c42b217bbfc1b3cea2) Importer(815301076,1909f56bfc062723c751e8b465ee728b)  -> (artifact id: '1694c6b14a495e2b2313fc5df4d2529b') in 0.312718 seconds 
========================================================================
Received Import Request.
  Time since last request: 0.000034 seconds.
  path: Assets/polyperfect/Low Poly Animated Animals/- Prefabs/Animals/Goat.prefab
  artifactKey: Guid(762b5bfe811b776459417e9e29cbab94) Importer(815301076,1909f56bfc062723c751e8b465ee728b)
Start importing Assets/polyperfect/Low Poly Animated Animals/- Prefabs/Animals/Goat.prefab using Guid(762b5bfe811b776459417e9e29cbab94) Importer(815301076,1909f56bfc062723c751e8b465ee728b)  -> (artifact id: 'd95ada694e71260d649d6e2f6239ac42') in 0.030521 seconds 
========================================================================
Received Import Request.
  Time since last request: 0.000039 seconds.
  path: Assets/polyperfect/Low Poly Animated Animals/- Prefabs/Animals/Penguin.prefab
  artifactKey: Guid(6817fd3c5809228498530e5ebe58f46a) Importer(815301076,1909f56bfc062723c751e8b465ee728b)
Start importing Assets/polyperfect/Low Poly Animated Animals/- Prefabs/Animals/Penguin.prefab using Guid(6817fd3c5809228498530e5ebe58f46a) Importer(815301076,1909f56bfc062723c751e8b465ee728b)  -> (artifact id: '05c89b504cf136fdbae73abb94917813') in 0.056898 seconds 
========================================================================
Received Import Request.
  Time since last request: 0.000029 seconds.
  path: Assets/polyperfect/Low Poly Animated Animals/- Prefabs/Animals/Ostrich.prefab
  artifactKey: Guid(c34c48e7f6755d1408d2408ee45670a7) Importer(815301076,1909f56bfc062723c751e8b465ee728b)
Start importing Assets/polyperfect/Low Poly Animated Animals/- Prefabs/Animals/Ostrich.prefab using Guid(c34c48e7f6755d1408d2408ee45670a7) Importer(815301076,1909f56bfc062723c751e8b465ee728b)  -> (artifact id: '4a0bfb2cfc4a7c9598dc101ba9c7dd54') in 0.142872 seconds 
========================================================================
Received Import Request.
  Time since last request: 0.000028 seconds.
  path: Assets/polyperfect/Low Poly Animated Animals/- Prefabs/Animals/Fish.prefab
  artifactKey: Guid(a61d0b4c41dabf548be1eb07e22d847a) Importer(815301076,1909f56bfc062723c751e8b465ee728b)
Start importing Assets/polyperfect/Low Poly Animated Animals/- Prefabs/Animals/Fish.prefab using Guid(a61d0b4c41dabf548be1eb07e22d847a) Importer(815301076,1909f56bfc062723c751e8b465ee728b)  -> (artifact id: 'ab767b3d40eea8c0169ee1bb17388c06') in 0.030125 seconds 
========================================================================
Received Import Request.
  Time since last request: 0.000035 seconds.
  path: Assets/polyperfect/Low Poly Animated Animals/- Prefabs/Animals/Horse Grey.prefab
  artifactKey: Guid(3d5455030e8b8484c959b12ec1ec124b) Importer(815301076,1909f56bfc062723c751e8b465ee728b)
Start importing Assets/polyperfect/Low Poly Animated Animals/- Prefabs/Animals/Horse Grey.prefab using Guid(3d5455030e8b8484c959b12ec1ec124b) Importer(815301076,1909f56bfc062723c751e8b465ee728b)  -> (artifact id: 'c8c7955a6d38e6edcd270cae7524f182') in 0.081920 seconds 
========================================================================
Received Import Request.
  Time since last request: 0.000022 seconds.
  path: Assets/polyperfect/Low Poly Animated Animals/- Prefabs/Animals/Pig.prefab
  artifactKey: Guid(5d1a771e20c6c75418fd9b0a5f6d2677) Importer(815301076,1909f56bfc062723c751e8b465ee728b)
Start importing Assets/polyperfect/Low Poly Animated Animals/- Prefabs/Animals/Pig.prefab using Guid(5d1a771e20c6c75418fd9b0a5f6d2677) Importer(815301076,1909f56bfc062723c751e8b465ee728b)  -> (artifact id: 'fd08016fc107388d3f684d9b0c57818c') in 0.030602 seconds 
========================================================================
Received Import Request.
  Time since last request: 0.000027 seconds.
  path: Assets/polyperfect/Low Poly Animated Animals/- Prefabs/Animals/Buffalo.prefab
  artifactKey: Guid(aa90861098184534f840458a3b768a12) Importer(815301076,1909f56bfc062723c751e8b465ee728b)
Start importing Assets/polyperfect/Low Poly Animated Animals/- Prefabs/Animals/Buffalo.prefab using Guid(aa90861098184534f840458a3b768a12) Importer(815301076,1909f56bfc062723c751e8b465ee728b)  -> (artifact id: 'df4f58f85919d9a02af498864c3db775') in 0.036761 seconds 
========================================================================
Received Import Request.
  Time since last request: 0.000032 seconds.
  path: Assets/polyperfect/Low Poly Animated Animals/- Prefabs/Animals/Deer Gray.prefab
  artifactKey: Guid(ed4615b93521e4b46a0973aa03b94732) Importer(815301076,1909f56bfc062723c751e8b465ee728b)
Start importing Assets/polyperfect/Low Poly Animated Animals/- Prefabs/Animals/Deer Gray.prefab using Guid(ed4615b93521e4b46a0973aa03b94732) Importer(815301076,1909f56bfc062723c751e8b465ee728b)  -> (artifact id: '9e48f4aab81ab89ce86b7f531903caba') in 0.035387 seconds 
========================================================================
Received Import Request.
  Time since last request: 0.000036 seconds.
  path: Assets/polyperfect/Low Poly Animated Animals/- Prefabs/Animals/Eagle.prefab
  artifactKey: Guid(c731d11969cd60b419af78b04aa24e9a) Importer(815301076,1909f56bfc062723c751e8b465ee728b)
Start importing Assets/polyperfect/Low Poly Animated Animals/- Prefabs/Animals/Eagle.prefab using Guid(c731d11969cd60b419af78b04aa24e9a) Importer(815301076,1909f56bfc062723c751e8b465ee728b)  -> (artifact id: 'd7a2dcf305a8f86b678b69ff6691c97a') in 0.030507 seconds 
========================================================================
Received Import Request.
  Time since last request: 0.000043 seconds.
  path: Assets/polyperfect/Low Poly Animated Animals/- Prefabs/Animals/Chimpanzee.prefab
  artifactKey: Guid(cea42b34a5d5b484388618dcd553dccb) Importer(815301076,1909f56bfc062723c751e8b465ee728b)
Start importing Assets/polyperfect/Low Poly Animated Animals/- Prefabs/Animals/Chimpanzee.prefab using Guid(cea42b34a5d5b484388618dcd553dccb) Importer(815301076,1909f56bfc062723c751e8b465ee728b)  -> (artifact id: '147055ced345c7cba29110583194efaf') in 0.033163 seconds 
========================================================================
Received Import Request.
  Time since last request: 0.000033 seconds.
  path: Assets/polyperfect/Low Poly Animated Animals/- Prefabs/Animals/Goos.prefab
  artifactKey: Guid(bb867e2b3ddf3224aae142d742779cd1) Importer(815301076,1909f56bfc062723c751e8b465ee728b)
Start importing Assets/polyperfect/Low Poly Animated Animals/- Prefabs/Animals/Goos.prefab using Guid(bb867e2b3ddf3224aae142d742779cd1) Importer(815301076,1909f56bfc062723c751e8b465ee728b)  -> (artifact id: '14e14e224a237af6446d801625cac990') in 0.029018 seconds 
========================================================================
Received Import Request.
  Time since last request: 0.000034 seconds.
  path: Assets/polyperfect/Low Poly Animated Animals/- Prefabs/Animals/Giraffe.prefab
  artifactKey: Guid(0d9eb53229fd4e4428e17f457310aada) Importer(815301076,1909f56bfc062723c751e8b465ee728b)
Start importing Assets/polyperfect/Low Poly Animated Animals/- Prefabs/Animals/Giraffe.prefab using Guid(0d9eb53229fd4e4428e17f457310aada) Importer(815301076,1909f56bfc062723c751e8b465ee728b)  -> (artifact id: '636cc37157ac5d0522e5b4d0e9906e2c') in 0.047982 seconds 
========================================================================
Received Import Request.
  Time since last request: 0.000032 seconds.
  path: Assets/polyperfect/Low Poly Animated Animals/- Prefabs/Animals/Orca.prefab
  artifactKey: Guid(83e5f758f79d148b898ca89e7d3207ce) Importer(815301076,1909f56bfc062723c751e8b465ee728b)
Start importing Assets/polyperfect/Low Poly Animated Animals/- Prefabs/Animals/Orca.prefab using Guid(83e5f758f79d148b898ca89e7d3207ce) Importer(815301076,1909f56bfc062723c751e8b465ee728b)  -> (artifact id: '7c9dfb130c1d247446dc4be0d363815d') in 0.039426 seconds 
========================================================================
Received Import Request.
  Time since last request: 33.422751 seconds.
  path: Assets/polyperfect/Low Poly Animated Animals/- Prefabs/Animals/Seal.prefab
  artifactKey: Guid(be05097336edc0041853585fa70d5644) Importer(815301076,1909f56bfc062723c751e8b465ee728b)
Start importing Assets/polyperfect/Low Poly Animated Animals/- Prefabs/Animals/Seal.prefab using Guid(be05097336edc0041853585fa70d5644) Importer(815301076,1909f56bfc062723c751e8b465ee728b)  -> (artifact id: '821ca8a49b1d54627840039f4ad7209f') in 0.025513 seconds 
========================================================================
Received Import Request.
  Time since last request: 0.000028 seconds.
  path: Assets/polyperfect/Low Poly Animated Animals/- Prefabs/Animals/Sheep.prefab
  artifactKey: Guid(81c3e640da93ff644973aab33c31cd34) Importer(815301076,1909f56bfc062723c751e8b465ee728b)
Start importing Assets/polyperfect/Low Poly Animated Animals/- Prefabs/Animals/Sheep.prefab using Guid(81c3e640da93ff644973aab33c31cd34) Importer(815301076,1909f56bfc062723c751e8b465ee728b)  -> (artifact id: '9d3ab7c4d0abc041d750931836aeff7c') in 0.021785 seconds 
========================================================================
Received Import Request.
  Time since last request: 0.000031 seconds.
  path: Assets/polyperfect/Low Poly Animated Animals/- Prefabs/Animals/Sheep Wool.prefab
  artifactKey: Guid(1c58fd9a6b9949e4cbbde7aa0909a14a) Importer(815301076,1909f56bfc062723c751e8b465ee728b)
Start importing Assets/polyperfect/Low Poly Animated Animals/- Prefabs/Animals/Sheep Wool.prefab using Guid(1c58fd9a6b9949e4cbbde7aa0909a14a) Importer(815301076,1909f56bfc062723c751e8b465ee728b)  -> (artifact id: 'e9c7b08dd6d1367e486873f008766ed1') in 0.024598 seconds 
========================================================================
Received Import Request.
  Time since last request: 0.000034 seconds.
  path: Assets/polyperfect/Low Poly Animated Animals/- Prefabs/Animals/Tucan.prefab
  artifactKey: Guid(b24e5a714cc799947a8d48455616cbb8) Importer(815301076,1909f56bfc062723c751e8b465ee728b)
Start importing Assets/polyperfect/Low Poly Animated Animals/- Prefabs/Animals/Tucan.prefab using Guid(b24e5a714cc799947a8d48455616cbb8) Importer(815301076,1909f56bfc062723c751e8b465ee728b)  -> (artifact id: '8bec60575e1c7511319c852cf3eb19d1') in 0.026246 seconds 
========================================================================
Received Import Request.
  Time since last request: 0.000021 seconds.
  path: Assets/polyperfect/Low Poly Animated Animals/- Prefabs/Animals/Vulture.prefab
  artifactKey: Guid(572f4219beab12d4190ba3e799d656e0) Importer(815301076,1909f56bfc062723c751e8b465ee728b)
Start importing Assets/polyperfect/Low Poly Animated Animals/- Prefabs/Animals/Vulture.prefab using Guid(572f4219beab12d4190ba3e799d656e0) Importer(815301076,1909f56bfc062723c751e8b465ee728b)  -> (artifact id: '9c1f4351ee59649eb9fceaafefc7a5b1') in 0.025768 seconds 
========================================================================
Received Import Request.
  Time since last request: 0.000028 seconds.
  path: Assets/polyperfect/Low Poly Animated Animals/- Prefabs/Animals/Squirrel.prefab
  artifactKey: Guid(c18682d3e4c3fbf4cbf14216af86a1d9) Importer(815301076,1909f56bfc062723c751e8b465ee728b)
Start importing Assets/polyperfect/Low Poly Animated Animals/- Prefabs/Animals/Squirrel.prefab using Guid(c18682d3e4c3fbf4cbf14216af86a1d9) Importer(815301076,1909f56bfc062723c751e8b465ee728b)  -> (artifact id: '576a070534b78cefe7a5cf5ca6f3daee') in 0.025951 seconds 
========================================================================
Received Import Request.
  Time since last request: 0.000038 seconds.
  path: Assets/polyperfect/Low Poly Animated Animals/- Prefabs/Animals/Squid.prefab
  artifactKey: Guid(af95db8d0b472304b90e85813a358473) Importer(815301076,1909f56bfc062723c751e8b465ee728b)
Start importing Assets/polyperfect/Low Poly Animated Animals/- Prefabs/Animals/Squid.prefab using Guid(af95db8d0b472304b90e85813a358473) Importer(815301076,1909f56bfc062723c751e8b465ee728b)  -> (artifact id: '387d6ccef139f7743932194f7c99789c') in 0.027526 seconds 
========================================================================
Received Import Request.
  Time since last request: 0.000028 seconds.
  path: Assets/polyperfect/Low Poly Animated Animals/- Prefabs/Animals/Spider Yellow.prefab
  artifactKey: Guid(2ef322c53a036124bad12637f603d797) Importer(815301076,1909f56bfc062723c751e8b465ee728b)
Start importing Assets/polyperfect/Low Poly Animated Animals/- Prefabs/Animals/Spider Yellow.prefab using Guid(2ef322c53a036124bad12637f603d797) Importer(815301076,1909f56bfc062723c751e8b465ee728b)  -> (artifact id: 'a30ed8dc505b0fa201153cbb00ce288d') in 0.063674 seconds 
========================================================================
Received Import Request.
  Time since last request: 0.000032 seconds.
  path: Assets/polyperfect/Low Poly Animated Animals/- Prefabs/Animals/Spider Green.prefab
  artifactKey: Guid(c4fa44d6ad133e0409f10009615a9247) Importer(815301076,1909f56bfc062723c751e8b465ee728b)
Start importing Assets/polyperfect/Low Poly Animated Animals/- Prefabs/Animals/Spider Green.prefab using Guid(c4fa44d6ad133e0409f10009615a9247) Importer(815301076,1909f56bfc062723c751e8b465ee728b)  -> (artifact id: '23b4cc5169243312aa448dcf4dfa654a') in 0.067554 seconds 
========================================================================
Received Import Request.
  Time since last request: 0.000035 seconds.
  path: Assets/polyperfect/Low Poly Animated Animals/- Prefabs/Animals/Starfish.prefab
  artifactKey: Guid(3f5c613256bb8481cbafc1d34aa1184e) Importer(815301076,1909f56bfc062723c751e8b465ee728b)
Start importing Assets/polyperfect/Low Poly Animated Animals/- Prefabs/Animals/Starfish.prefab using Guid(3f5c613256bb8481cbafc1d34aa1184e) Importer(815301076,1909f56bfc062723c751e8b465ee728b)  -> (artifact id: '5e079a6000c66952224c794917914599') in 0.028627 seconds 
========================================================================
Received Import Request.
  Time since last request: 0.000041 seconds.
  path: Assets/polyperfect/Low Poly Animated Animals/- Prefabs/Animals/Tiger.prefab
  artifactKey: Guid(c5e7161780bfc06459e1d0fd1cefd777) Importer(815301076,1909f56bfc062723c751e8b465ee728b)
Start importing Assets/polyperfect/Low Poly Animated Animals/- Prefabs/Animals/Tiger.prefab using Guid(c5e7161780bfc06459e1d0fd1cefd777) Importer(815301076,1909f56bfc062723c751e8b465ee728b)  -> (artifact id: '83397c1cdbe5a1e3c24702880edb1605') in 0.034852 seconds 
========================================================================
Received Prepare
Registering precompiled user dll's ...
Registered in 0.004590 seconds.
Begin MonoManager ReloadAssembly
Symbol file LoadedFromMemory doesn't match image C:\Users\demat\Desktop\BibliothèqueBlocking\Library\PackageCache\com.unity.visualscripting@1.8.0\Editor\VisualScripting.Core\Dependencies\YamlDotNet\Unity.VisualScripting.YamlDotNet.dll
Symbol file LoadedFromMemory doesn't match image C:\Users\demat\Desktop\BibliothèqueBlocking\Library\PackageCache\com.unity.visualscripting@1.8.0\Editor\VisualScripting.Core\Dependencies\DotNetZip\Unity.VisualScripting.IonicZip.dll
Native extension for WindowsStandalone target not found
Refreshing native plugins compatible for Editor in 0.90 ms, found 3 plugins.
Preloading 0 native plugins for Editor in 0.00 ms.
Mono: successfully reloaded assembly
- Completed reload, in  0.963 seconds
Domain Reload Profiling:
	ReloadAssembly (963ms)
		BeginReloadAssembly (126ms)
			ExecutionOrderSort (0ms)
			DisableScriptedObjects (4ms)
			BackupInstance (0ms)
			ReleaseScriptingObjects (0ms)
			CreateAndSetChildDomain (39ms)
		EndReloadAssembly (753ms)
			LoadAssemblies (73ms)
			RebuildTransferFunctionScriptingTraits (0ms)
			SetupTypeCache (229ms)
			ReleaseScriptCaches (2ms)
			RebuildScriptCaches (43ms)
			SetupLoadedEditorAssemblies (349ms)
				LogAssemblyErrors (0ms)
				InitializePlatformSupportModulesInManaged (14ms)
				SetLoadedEditorAssemblies (1ms)
				RefreshPlugins (1ms)
				BeforeProcessingInitializeOnLoad (68ms)
				ProcessInitializeOnLoadAttributes (236ms)
				ProcessInitializeOnLoadMethodAttributes (23ms)
				AfterProcessingInitializeOnLoad (6ms)
				EditorAssembliesLoaded (0ms)
			ExecutionOrderSort2 (0ms)
			AwakeInstancesAfterBackupRestoration (7ms)
Platform modules already initialized, skipping
Refreshing native plugins compatible for Editor in 3.63 ms, found 3 plugins.
Preloading 0 native plugins for Editor in 0.00 ms.
Unloading 3427 Unused Serialized files (Serialized files now loaded: 0)
Unloading 19 unused Assets / (134.2 KB). Loaded Objects now: 3932.
Memory consumption went from 142.7 MB to 142.5 MB.
Total: 3.085200 ms (FindLiveObjects: 0.260600 ms CreateObjectMapping: 0.145100 ms MarkObjects: 2.524600 ms  DeleteObjects: 0.153300 ms)

AssetImportParameters requested are different than current active one (requested -> active):
  custom:video-decoder-ogg-theora: a1e56fd34408186e4bbccfd4996cb3dc -> 
  custom:container-muxer-webm: aa71ff27fc2769a1b78a27578f13a17b -> 
  custom:container-demuxer-webm: 4f35f7cbe854078d1ac9338744f61a02 -> 
  custom:video-encoder-webm-vp8: eb34c28f22e8b96e1ab97ce403110664 -> 
  custom:video-codec-MediaFoundation-h265: 746d11721c4dcdbdad8f713fa42b33f4 -> 
  custom:audio-encoder-webm-vorbis: bf7c407c2cedff20999df2af8eb42d56 -> 
  custom:framework-win-MediaFoundation: 216162199b28c13a410421893ffa2e32 -> 
  custom:container-demuxer-ogg: 62fdf1f143b41e24485cea50d1cbac27 -> 
  custom:video-decoder-webm-vp8: 9c59270c3fd7afecdb556c50c9e8de78 -> 
  custom:audio-decoder-ogg-vorbis: bf7c407c2cedff20999df2af8eb42d56 -> 
Editor requested this worker to shutdown with reason: Scaling down because of idle timeout
AssetImportWorker is now disconnected from the server
Process exiting
Exiting without the bug reporter. Application will terminate with return code 0